<?xml version="1.0" encoding="UTF-8"?>
<testsuites name="ProveedorCrear" time="16" tests="1" failures="0" errors="1">
   <testsuite name="ProveedorCrear" tests="1" failures="0" errors="1" time="16" timestamp="2019-08-19 10:21:52" hostname="LCabrera - k2bp697.Artech.local" id="Test Suites/Nucleo/Persona/Proveedor/ProveedorCrear">
      <properties>
         <property name="deviceName" value=""/>
         <property name="devicePlatform" value=""/>
         <property name="logFolder" value="C:\\Users\\lcabrera\\Katalon Studio\\test 6.1\\Reports\\Nucleo\\Persona\\Proveedor\\ProveedorCrear\\20190819_102151"/>
         <property name="logFiles" value="C:\\Users\\lcabrera\\Katalon Studio\\test 6.1\\Reports\\Nucleo\\Persona\\Proveedor\\ProveedorCrear\\20190819_102151\\execution0.log"/>
         <property name="attachments" value=""/>
         <property name="hostName" value="LCabrera - k2bp697.Artech.local"/>
         <property name="os" value="Windows 10 64bit"/>
         <property name="katalonVersion" value="6.1.4.1"/>
         <property name="browser" value="Firefox 68.0"/>
         <property name="hostAddress" value="172.16.6.153"/>
         <property name="sessionId" value="cb308b08-e85f-4195-8075-242dc16fc40e"/>
         <property name="seleniumVersion" value="3.7.1"/>
         <property name="proxyInformation" value="ProxyInformation{proxyOption=NO_PROXY, proxyServerType=HTTP, password=, proxyServerAddress=, proxyServerPort=0}"/>
         <property name="platform" value="Windows 10"/>
      </properties>
      <testcase name="Test Cases/Login" classname="Test Cases/Login" status="PASSED">
         <system-out><![CDATA[2019-08-19 10:21:52 - [TEST_CASE][PASSED] - Test Cases/Login: Test Cases/Login

2019-08-19 10:21:53 - [TEST_STEP][PASSED] - openBrowser(""): Browser is opened with url: ''

2019-08-19 10:21:53 - [MESSAGE][INFO] - Starting 'Firefox' driver

2019-08-19 10:21:53 - [MESSAGE][INFO] - Action delay is set to 0 seconds

2019-08-19 10:21:56 - [MESSAGE][PASSED] - Browser is opened with url: ''

2019-08-19 10:21:56 - [TEST_STEP][PASSED] - navigateToUrl(findTestData("Login/DatosLogin").getValue(3, 1)): Navigate to 'http://test3.k2b.local:8080/k2bv61-sqlserver/servlet/com.k2b.hk2blogin' successfully

2019-08-19 10:21:56 - [MESSAGE][PASSED] - Navigate to 'http://test3.k2b.local:8080/k2bv61-sqlserver/servlet/com.k2b.hk2blogin' successfully

2019-08-19 10:21:56 - [TEST_STEP][PASSED] - setText(findTestObject("LoginManual/USERNAME"), findTestData("Login/DatosLogin").getValue(1, 1)): Text 'jperez' is set on object 'Object Repository/LoginManual/USERNAME'

2019-08-19 10:21:56 - [MESSAGE][PASSED] - Text 'jperez' is set on object 'Object Repository/LoginManual/USERNAME'

2019-08-19 10:21:56 - [TEST_STEP][PASSED] - setText(findTestObject("LoginManual/PASSWORD"), findTestData("Login/DatosLogin").getValue(2, 1)): Text 'jperez' is set on object 'Object Repository/LoginManual/PASSWORD'

2019-08-19 10:21:57 - [MESSAGE][PASSED] - Text 'jperez' is set on object 'Object Repository/LoginManual/PASSWORD'

2019-08-19 10:21:57 - [TEST_STEP][PASSED] - click(findTestObject("LoginManual/LOGIN")): Object: 'Object Repository/LoginManual/LOGIN' is clicked on

2019-08-19 10:21:57 - [MESSAGE][PASSED] - Object: 'Object Repository/LoginManual/LOGIN' is clicked on

2019-08-19 10:21:57 - [TEST_STEP][PASSED] - delay(2): Delayed 2 second(s)

2019-08-19 10:21:59 - [MESSAGE][PASSED] - Delayed 2 second(s)

2019-08-19 10:21:59 - [TEST_STEP][PASSED] - click(findTestObject("Menu/clockMENU")): Object: 'Object Repository/Menu/clockMENU' is clicked on

2019-08-19 10:21:59 - [MESSAGE][PASSED] - Object: 'Object Repository/Menu/clockMENU' is clicked on]]></system-out>
         <system-err><![CDATA[]]></system-err>
      </testcase>
      <testcase name="Test Cases/Nucleo/Persona/Proveedor/ProveedorCrear" classname="Test Cases/Nucleo/Persona/Proveedor/ProveedorCrear" status="ERROR">
         <error type="ERROR" message="Test Cases/Nucleo/Persona/Proveedor/ProveedorCrear FAILED.
Reason:
groovy.lang.MissingMethodException: No signature of method: static com.kms.katalon.core.webui.keyword.WebUiBuiltInKeywords.verifyElementNotPresent() is applicable for argument types: (com.kms.katalon.core.testobject.TestObject) values: [TestObject - 'Object Repository/Nucleo/Persona/Proveedor/PrimerObjetodelWW']
Possible solutions: verifyElementNotPresent(com.kms.katalon.core.testobject.TestObject, int), verifyElementNotPresent(com.kms.katalon.core.testobject.TestObject, int, com.kms.katalon.core.model.FailureHandling), verifyElementPresent(com.kms.katalon.core.testobject.TestObject, int), verifyAlertNotPresent(int), verifyElementPresent(com.kms.katalon.core.testobject.TestObject, int, com.kms.katalon.core.model.FailureHandling)
	at ProveedorCrear.run(ProveedorCrear:34)
	at com.kms.katalon.core.main.ScriptEngine.run(ScriptEngine.java:194)
	at com.kms.katalon.core.main.ScriptEngine.runScriptAsRawText(ScriptEngine.java:119)
	at com.kms.katalon.core.main.TestCaseExecutor.runScript(TestCaseExecutor.java:336)
	at com.kms.katalon.core.main.TestCaseExecutor.doExecute(TestCaseExecutor.java:327)
	at com.kms.katalon.core.main.TestCaseExecutor.processExecutionPhase(TestCaseExecutor.java:306)
	at com.kms.katalon.core.main.TestCaseExecutor.accessMainPhase(TestCaseExecutor.java:298)
	at com.kms.katalon.core.main.TestCaseExecutor.execute(TestCaseExecutor.java:232)
	at com.kms.katalon.core.main.TestSuiteExecutor.accessTestCaseMainPhase(TestSuiteExecutor.java:129)
	at com.kms.katalon.core.main.TestSuiteExecutor.accessTestSuiteMainPhase(TestSuiteExecutor.java:112)
	at com.kms.katalon.core.main.TestSuiteExecutor.execute(TestSuiteExecutor.java:81)
	at com.kms.katalon.core.main.TestCaseMain.startTestSuite(TestCaseMain.java:157)
	at com.kms.katalon.core.main.TestCaseMain$startTestSuite$0.call(Unknown Source)
	at TempTestSuite1566220911740.run(TempTestSuite1566220911740.groovy:35)
"/>
         <system-out><![CDATA[2019-08-19 10:21:59 - [TEST_CASE][ERROR] - Test Cases/Nucleo/Persona/Proveedor/ProveedorCrear: Test Cases/Nucleo/Persona/Proveedor/ProveedorCrear FAILED.
Reason:
groovy.lang.MissingMethodException: No signature of method: static com.kms.katalon.core.webui.keyword.WebUiBuiltInKeywords.verifyElementNotPresent() is applicable for argument types: (com.kms.katalon.core.testobject.TestObject) values: [TestObject - 'Object Repository/Nucleo/Persona/Proveedor/PrimerObjetodelWW']
Possible solutions: verifyElementNotPresent(com.kms.katalon.core.testobject.TestObject, int), verifyElementNotPresent(com.kms.katalon.core.testobject.TestObject, int, com.kms.katalon.core.model.FailureHandling), verifyElementPresent(com.kms.katalon.core.testobject.TestObject, int), verifyAlertNotPresent(int), verifyElementPresent(com.kms.katalon.core.testobject.TestObject, int, com.kms.katalon.core.model.FailureHandling)
	at ProveedorCrear.run(ProveedorCrear:34)
	at com.kms.katalon.core.main.ScriptEngine.run(ScriptEngine.java:194)
	at com.kms.katalon.core.main.ScriptEngine.runScriptAsRawText(ScriptEngine.java:119)
	at com.kms.katalon.core.main.TestCaseExecutor.runScript(TestCaseExecutor.java:336)
	at com.kms.katalon.core.main.TestCaseExecutor.doExecute(TestCaseExecutor.java:327)
	at com.kms.katalon.core.main.TestCaseExecutor.processExecutionPhase(TestCaseExecutor.java:306)
	at com.kms.katalon.core.main.TestCaseExecutor.accessMainPhase(TestCaseExecutor.java:298)
	at com.kms.katalon.core.main.TestCaseExecutor.execute(TestCaseExecutor.java:232)
	at com.kms.katalon.core.main.TestSuiteExecutor.accessTestCaseMainPhase(TestSuiteExecutor.java:129)
	at com.kms.katalon.core.main.TestSuiteExecutor.accessTestSuiteMainPhase(TestSuiteExecutor.java:112)
	at com.kms.katalon.core.main.TestSuiteExecutor.execute(TestSuiteExecutor.java:81)
	at com.kms.katalon.core.main.TestCaseMain.startTestSuite(TestCaseMain.java:157)
	at com.kms.katalon.core.main.TestCaseMain$startTestSuite$0.call(Unknown Source)
	at TempTestSuite1566220911740.run(TempTestSuite1566220911740.groovy:35)


2019-08-19 10:21:59 - [TEST_STEP][PASSED] - delay(2): Delayed 2 second(s)

2019-08-19 10:22:01 - [MESSAGE][PASSED] - Delayed 2 second(s)

2019-08-19 10:22:01 - [TEST_STEP][PASSED] - click(findTestObject("Menu/a_Configuracin")): Object: 'Object Repository/Menu/a_Configuracin' is clicked on

2019-08-19 10:22:02 - [MESSAGE][PASSED] - Object: 'Object Repository/Menu/a_Configuracin' is clicked on

2019-08-19 10:22:02 - [TEST_STEP][PASSED] - delay(2): Delayed 2 second(s)

2019-08-19 10:22:04 - [MESSAGE][PASSED] - Delayed 2 second(s)

2019-08-19 10:22:04 - [TEST_STEP][PASSED] - click(findTestObject("Nucleo/Persona/Proveedor/a_Personas")): Object: 'Object Repository/Nucleo/Persona/Proveedor/a_Personas' is clicked on

2019-08-19 10:22:04 - [MESSAGE][PASSED] - Object: 'Object Repository/Nucleo/Persona/Proveedor/a_Personas' is clicked on

2019-08-19 10:22:04 - [TEST_STEP][PASSED] - delay(2): Delayed 2 second(s)

2019-08-19 10:22:06 - [MESSAGE][PASSED] - Delayed 2 second(s)

2019-08-19 10:22:06 - [TEST_STEP][PASSED] - click(findTestObject("Nucleo/Persona/Proveedor/a_Proveedores")): Object: 'Object Repository/Nucleo/Persona/Proveedor/a_Proveedores' is clicked on

2019-08-19 10:22:06 - [MESSAGE][PASSED] - Object: 'Object Repository/Nucleo/Persona/Proveedor/a_Proveedores' is clicked on

2019-08-19 10:22:06 - [TEST_STEP][PASSED] - delay(2): Delayed 2 second(s)

2019-08-19 10:22:08 - [MESSAGE][PASSED] - Delayed 2 second(s)

2019-08-19 10:22:08 - [TEST_STEP][PASSED] - click(findTestObject("Nucleo/Persona/Proveedor/BuscarProveedor")): Object: 'Object Repository/Nucleo/Persona/Proveedor/BuscarProveedor' is clicked on

2019-08-19 10:22:08 - [MESSAGE][PASSED] - Object: 'Object Repository/Nucleo/Persona/Proveedor/BuscarProveedor' is clicked on

2019-08-19 10:22:08 - [TEST_STEP][PASSED] - setText(findTestObject("Nucleo/Persona/Proveedor/BuscarProveedor"), NombreComercial): Text 'Prueba katalon' is set on object 'Object Repository/Nucleo/Persona/Proveedor/BuscarProveedor'

2019-08-19 10:22:08 - [MESSAGE][PASSED] - Text 'Prueba katalon' is set on object 'Object Repository/Nucleo/Persona/Proveedor/BuscarProveedor'

2019-08-19 10:22:08 - [TEST_STEP][PASSED] - IF(verifyElementNotPresent(findTestObject("Object Repository/Nucleo/Persona/Proveedor/PrimerObjetodelWW")) == true, { -> ... }): null]]></system-out>
         <system-err><![CDATA[2019-08-19 10:21:59 - [TEST_CASE][ERROR] - Test Cases/Nucleo/Persona/Proveedor/ProveedorCrear: Test Cases/Nucleo/Persona/Proveedor/ProveedorCrear FAILED.
Reason:
groovy.lang.MissingMethodException: No signature of method: static com.kms.katalon.core.webui.keyword.WebUiBuiltInKeywords.verifyElementNotPresent() is applicable for argument types: (com.kms.katalon.core.testobject.TestObject) values: [TestObject - 'Object Repository/Nucleo/Persona/Proveedor/PrimerObjetodelWW']
Possible solutions: verifyElementNotPresent(com.kms.katalon.core.testobject.TestObject, int), verifyElementNotPresent(com.kms.katalon.core.testobject.TestObject, int, com.kms.katalon.core.model.FailureHandling), verifyElementPresent(com.kms.katalon.core.testobject.TestObject, int), verifyAlertNotPresent(int), verifyElementPresent(com.kms.katalon.core.testobject.TestObject, int, com.kms.katalon.core.model.FailureHandling)
	at ProveedorCrear.run(ProveedorCrear:34)
	at com.kms.katalon.core.main.ScriptEngine.run(ScriptEngine.java:194)
	at com.kms.katalon.core.main.ScriptEngine.runScriptAsRawText(ScriptEngine.java:119)
	at com.kms.katalon.core.main.TestCaseExecutor.runScript(TestCaseExecutor.java:336)
	at com.kms.katalon.core.main.TestCaseExecutor.doExecute(TestCaseExecutor.java:327)
	at com.kms.katalon.core.main.TestCaseExecutor.processExecutionPhase(TestCaseExecutor.java:306)
	at com.kms.katalon.core.main.TestCaseExecutor.accessMainPhase(TestCaseExecutor.java:298)
	at com.kms.katalon.core.main.TestCaseExecutor.execute(TestCaseExecutor.java:232)
	at com.kms.katalon.core.main.TestSuiteExecutor.accessTestCaseMainPhase(TestSuiteExecutor.java:129)
	at com.kms.katalon.core.main.TestSuiteExecutor.accessTestSuiteMainPhase(TestSuiteExecutor.java:112)
	at com.kms.katalon.core.main.TestSuiteExecutor.execute(TestSuiteExecutor.java:81)
	at com.kms.katalon.core.main.TestCaseMain.startTestSuite(TestCaseMain.java:157)
	at com.kms.katalon.core.main.TestCaseMain$startTestSuite$0.call(Unknown Source)
	at TempTestSuite1566220911740.run(TempTestSuite1566220911740.groovy:35)]]></system-err>
      </testcase>
      <system-out><![CDATA[2019-08-19 10:21:52 - [TEST_SUITE][ERROR] - ProveedorCrear: Test Cases/Nucleo/Persona/Proveedor/ProveedorCrear FAILED.
Reason:
groovy.lang.MissingMethodException: No signature of method: static com.kms.katalon.core.webui.keyword.WebUiBuiltInKeywords.verifyElementNotPresent() is applicable for argument types: (com.kms.katalon.core.testobject.TestObject) values: [TestObject - 'Object Repository/Nucleo/Persona/Proveedor/PrimerObjetodelWW']
Possible solutions: verifyElementNotPresent(com.kms.katalon.core.testobject.TestObject, int), verifyElementNotPresent(com.kms.katalon.core.testobject.TestObject, int, com.kms.katalon.core.model.FailureHandling), verifyElementPresent(com.kms.katalon.core.testobject.TestObject, int), verifyAlertNotPresent(int), verifyElementPresent(com.kms.katalon.core.testobject.TestObject, int, com.kms.katalon.core.model.FailureHandling)
	at ProveedorCrear.run(ProveedorCrear:34)
	at com.kms.katalon.core.main.ScriptEngine.run(ScriptEngine.java:194)
	at com.kms.katalon.core.main.ScriptEngine.runScriptAsRawText(ScriptEngine.java:119)
	at com.kms.katalon.core.main.TestCaseExecutor.runScript(TestCaseExecutor.java:336)
	at com.kms.katalon.core.main.TestCaseExecutor.doExecute(TestCaseExecutor.java:327)
	at com.kms.katalon.core.main.TestCaseExecutor.processExecutionPhase(TestCaseExecutor.java:306)
	at com.kms.katalon.core.main.TestCaseExecutor.accessMainPhase(TestCaseExecutor.java:298)
	at com.kms.katalon.core.main.TestCaseExecutor.execute(TestCaseExecutor.java:232)
	at com.kms.katalon.core.main.TestSuiteExecutor.accessTestCaseMainPhase(TestSuiteExecutor.java:129)
	at com.kms.katalon.core.main.TestSuiteExecutor.accessTestSuiteMainPhase(TestSuiteExecutor.java:112)
	at com.kms.katalon.core.main.TestSuiteExecutor.execute(TestSuiteExecutor.java:81)
	at com.kms.katalon.core.main.TestCaseMain.startTestSuite(TestCaseMain.java:157)
	at com.kms.katalon.core.main.TestCaseMain$startTestSuite$0.call(Unknown Source)
	at TempTestSuite1566220911740.run(TempTestSuite1566220911740.groovy:35)]]></system-out>
      <system-err><![CDATA[2019-08-19 10:21:52 - [TEST_SUITE][ERROR] - ProveedorCrear: Test Cases/Nucleo/Persona/Proveedor/ProveedorCrear FAILED.
Reason:
groovy.lang.MissingMethodException: No signature of method: static com.kms.katalon.core.webui.keyword.WebUiBuiltInKeywords.verifyElementNotPresent() is applicable for argument types: (com.kms.katalon.core.testobject.TestObject) values: [TestObject - 'Object Repository/Nucleo/Persona/Proveedor/PrimerObjetodelWW']
Possible solutions: verifyElementNotPresent(com.kms.katalon.core.testobject.TestObject, int), verifyElementNotPresent(com.kms.katalon.core.testobject.TestObject, int, com.kms.katalon.core.model.FailureHandling), verifyElementPresent(com.kms.katalon.core.testobject.TestObject, int), verifyAlertNotPresent(int), verifyElementPresent(com.kms.katalon.core.testobject.TestObject, int, com.kms.katalon.core.model.FailureHandling)
	at ProveedorCrear.run(ProveedorCrear:34)
	at com.kms.katalon.core.main.ScriptEngine.run(ScriptEngine.java:194)
	at com.kms.katalon.core.main.ScriptEngine.runScriptAsRawText(ScriptEngine.java:119)
	at com.kms.katalon.core.main.TestCaseExecutor.runScript(TestCaseExecutor.java:336)
	at com.kms.katalon.core.main.TestCaseExecutor.doExecute(TestCaseExecutor.java:327)
	at com.kms.katalon.core.main.TestCaseExecutor.processExecutionPhase(TestCaseExecutor.java:306)
	at com.kms.katalon.core.main.TestCaseExecutor.accessMainPhase(TestCaseExecutor.java:298)
	at com.kms.katalon.core.main.TestCaseExecutor.execute(TestCaseExecutor.java:232)
	at com.kms.katalon.core.main.TestSuiteExecutor.accessTestCaseMainPhase(TestSuiteExecutor.java:129)
	at com.kms.katalon.core.main.TestSuiteExecutor.accessTestSuiteMainPhase(TestSuiteExecutor.java:112)
	at com.kms.katalon.core.main.TestSuiteExecutor.execute(TestSuiteExecutor.java:81)
	at com.kms.katalon.core.main.TestCaseMain.startTestSuite(TestCaseMain.java:157)
	at com.kms.katalon.core.main.TestCaseMain$startTestSuite$0.call(Unknown Source)
	at TempTestSuite1566220911740.run(TempTestSuite1566220911740.groovy:35)]]></system-err>
   </testsuite>
</testsuites>
